<?xml version="1.0" encoding="UTF-8"?>
<!-- Generated by org.testng.reporters.JUnitXMLReporter -->
<testsuite ignored="0" hostname="LAPTOP-H9GQVMTB" failures="1" tests="1" name="Test" time="12.03" errors="0" timestamp="2022-08-15T20:29:51 IST">
  <testcase classname="com.educnsoln.runner.TestRunner" name="testcase" time="0.062">
    <failure type="java.lang.NullPointerException" message="Cannot invoke &amp;quot;Object.toString()&amp;quot; because &amp;quot;obj&amp;quot; is null">
      <![CDATA[java.lang.NullPointerException: Cannot invoke "Object.toString()" because "obj" is null
at com.educnsoln.base.CommonFunctions.getStringData(CommonFunctions.java:90)
at com.educnsoln.pom.GoogleSignin.signin(GoogleSignin.java:77)
at com.educnsoln.runner.TestRunner.testcase(TestRunner.java:103)
at java.base/java.util.ArrayList.forEach(ArrayList.java:1511)
... Removed 25 stack frames]]>
    </failure>
  </testcase> <!-- testcase -->
</testsuite> <!-- Test -->
